[2025-10-05 01:29:09] Created session 'flame'
[2025-10-05 01:41:43] Created session 'flame'
[2025-10-05 01:42:07] Session 'flame' uploaded file 'Devoir 1_a0a7854ff577a32f2920ceac8aa4d3b8.pdf' (993660182a78ca9594a4da3dcf40075a780d1ab0547e9f35dccc50e4a3343e0c, 70628 bytes)
[2025-10-05 01:42:34] Session 'flame' uploaded file 'IFT2015_A25_TP1_FR_165ad57462cfd0c8fe3edde31a2b2eff.pdf' (e7f10240a74d9cc4af8491513161434809d2ee051388e9b3d098102451ac7f7e, 140699 bytes)
[2025-10-05 01:42:37] Session 'flame' requested metadata listing
[2025-10-05 01:43:35] Session 'flame' requested metadata listing
[2025-10-05 01:43:35] Session 'flame' requested metadata listing
[2025-10-05 01:44:05] Session 'flame' requested metadata listing
[2025-10-05 01:44:05] Session 'flame' requested metadata listing
[2025-10-05 01:44:52] Session 'flame' requested metadata listing
[2025-10-05 01:44:52] Session 'flame' requested metadata listing
[2025-10-05 01:46:13] Session 'flame' requested metadata listing
[2025-10-05 01:46:13] Session 'flame' requested metadata listing
[2025-10-05 01:47:17] Session 'flame' requested metadata listing
[2025-10-05 01:47:17] Session 'flame' requested metadata listing
[2025-10-05 01:47:30] Session 'flame' requested metadata listing
[2025-10-05 01:47:31] Session 'flame' downloaded file 'a638b205-c291-4971-97b7-5ee77f272644'
[2025-10-05 01:48:50] Session 'flame' requested metadata listing
[2025-10-05 01:48:50] Session 'flame' requested metadata listing
[2025-10-05 01:48:54] Session 'flame' downloaded file '35749812-8f14-4a24-8d5c-07286016f567'
